<?xml version="1.0" encoding="UTF-8"?>
<robot generator="Robot 7.3.2 (Python 3.13.5 on win32)" generated="2025-08-28T21:41:06.563699" rpa="false" schemaversion="5">
<suite id="s1" name="Tests" source="c:\Documents\PROJETO-QA-CODERS\supernatural-academyt14-front-robot\tests">
<suite id="s1-s1" name="centroDeCusto" source="c:\Documents\PROJETO-QA-CODERS\supernatural-academyt14-front-robot\tests\centroDeCusto.robot">
<test id="s1-s1-t1" name="Cenário teste: Cadastrar Centro de custo com sucesso" line="11">
<kw name="Abrir o navegador" owner="centroDeCusto" type="SETUP">
<kw name="Open Browser" owner="SeleniumLibrary">
<msg time="2025-08-28T21:41:06.845662" level="INFO">Opening browser 'chrome' to base url 'None'.</msg>
<msg time="2025-08-28T21:41:06.930075" level="WARN">The chromedriver version (138.0.7204.168) detected in PATH at C:\Users\evilh\AppData\Local\Programs\Python\Python313\Scripts\chromedriver.exe might not be compatible with the detected chrome version (139.0.7258.139); currently, chromedriver 139.0.7258.154 is recommended for chrome 139.*, so it is advised to delete the driver in PATH and retry</msg>
<arg>browser=chrome</arg>
<doc>Opens a new browser instance to the optional ``url``.</doc>
<status status="PASS" start="2025-08-28T21:41:06.845518" elapsed="1.224393"/>
</kw>
<kw name="Maximize Browser Window" owner="SeleniumLibrary">
<doc>Maximizes current browser window.</doc>
<status status="PASS" start="2025-08-28T21:41:08.070089" elapsed="0.035111"/>
</kw>
<status status="PASS" start="2025-08-28T21:41:06.845022" elapsed="1.260317"/>
</kw>
<kw name="Passo 1 - Acessar a pagina de login" owner="centroDeCusto">
<kw name="Go To" owner="SeleniumLibrary">
<msg time="2025-08-28T21:41:08.106102" level="INFO">Opening url 'https://shogun.qacoders.dev.br/costCenter'</msg>
<arg>url=${urlBase}</arg>
<doc>Navigates the current browser window to the provided ``url``.</doc>
<status status="PASS" start="2025-08-28T21:41:08.105952" elapsed="3.243009"/>
</kw>
<status status="PASS" start="2025-08-28T21:41:08.105690" elapsed="3.243387"/>
</kw>
<kw name="Passo 2 - Digitar um e-mail válido" owner="centroDeCusto">
<kw name="Wait Until Element Is Visible" owner="SeleniumLibrary">
<arg>locator=${emailInput}</arg>
<doc>Waits until the element ``locator`` is visible.</doc>
<status status="PASS" start="2025-08-28T21:41:11.349584" elapsed="0.688741"/>
</kw>
<kw name="Input Text" owner="SeleniumLibrary">
<msg time="2025-08-28T21:41:12.038717" level="INFO">Typing text 'sysadmin@qacoders.com' into text field 'id=email'.</msg>
<arg>locator=${emailInput}</arg>
<arg>text=${emailValido}</arg>
<doc>Types the given ``text`` into the text field identified by ``locator``.</doc>
<status status="PASS" start="2025-08-28T21:41:12.038477" elapsed="0.117770"/>
</kw>
<status status="PASS" start="2025-08-28T21:41:11.349345" elapsed="0.807001"/>
</kw>
<kw name="Passo 3 - Digitar uma senha válida" owner="centroDeCusto">
<kw name="Wait Until Element Is Visible" owner="SeleniumLibrary">
<arg>locator=${senhaInput}</arg>
<doc>Waits until the element ``locator`` is visible.</doc>
<status status="PASS" start="2025-08-28T21:41:12.156821" elapsed="0.012905"/>
</kw>
<kw name="Input Password" owner="SeleniumLibrary">
<msg time="2025-08-28T21:41:12.170109" level="INFO">Typing password into text field 'id=password'.</msg>
<msg time="2025-08-28T21:41:12.188949" level="INFO">Temporally setting log level to: NONE</msg>
<arg>locator=${senhaInput}</arg>
<arg>password=${senhaValido}</arg>
<doc>Types the given password into the text field identified by ``locator``.</doc>
<status status="PASS" start="2025-08-28T21:41:12.169877" elapsed="0.062147"/>
</kw>
<status status="PASS" start="2025-08-28T21:41:12.156612" elapsed="0.075520"/>
</kw>
<kw name="Passo 4 - Clicar no botão entrar" owner="centroDeCusto">
<kw name="Wait Until Element Is Visible" owner="SeleniumLibrary">
<arg>locator=${botãoInput}</arg>
<doc>Waits until the element ``locator`` is visible.</doc>
<status status="PASS" start="2025-08-28T21:41:12.232790" elapsed="0.015143"/>
</kw>
<kw name="Click Button" owner="SeleniumLibrary">
<msg time="2025-08-28T21:41:12.248283" level="INFO">Clicking button 'id=login'.</msg>
<arg>locator=${botãoInput}</arg>
<doc>Clicks the button identified by ``locator``.</doc>
<status status="PASS" start="2025-08-28T21:41:12.248080" elapsed="0.073905"/>
</kw>
<kw name="Run Keyword And Return Status" owner="BuiltIn">
<kw name="Element Should Be Visible" owner="SeleniumLibrary">
<msg time="2025-08-28T21:41:12.499501" level="INFO" html="true">&lt;/td&gt;&lt;/tr&gt;&lt;tr&gt;&lt;td colspan="3"&gt;&lt;a href="selenium-screenshot-1.png"&gt;&lt;img src="selenium-screenshot-1.png" width="800px"&gt;&lt;/a&gt;</msg>
<msg time="2025-08-28T21:41:12.499744" level="FAIL">Element with locator 'xpath=//button[contains(text(),'OK')]' not found.</msg>
<arg>xpath=//button[contains(text(),'OK')]</arg>
<doc>Verifies that the element identified by ``locator`` is visible.</doc>
<status status="FAIL" start="2025-08-28T21:41:12.322311" elapsed="0.181005">Element with locator 'xpath=//button[contains(text(),'OK')]' not found.</status>
</kw>
<msg time="2025-08-28T21:41:12.503549" level="INFO">${popup_visivel} = False</msg>
<var>${popup_visivel}</var>
<arg>Element Should Be Visible</arg>
<arg>xpath=//button[contains(text(),'OK')]</arg>
<doc>Runs the given keyword with given arguments and returns the status as a Boolean value.</doc>
<status status="PASS" start="2025-08-28T21:41:12.322153" elapsed="0.181428"/>
</kw>
<kw name="Run Keyword If" owner="BuiltIn">
<arg>${popup_visivel}</arg>
<arg>Click Button</arg>
<arg>xpath=//button[contains(text(),'OK')]</arg>
<doc>Runs the given keyword with the given arguments, if ``condition`` is true.</doc>
<status status="PASS" start="2025-08-28T21:41:12.503765" elapsed="0.000211"/>
</kw>
<status status="PASS" start="2025-08-28T21:41:12.232440" elapsed="0.271624"/>
</kw>
<kw name="Pause Execution" owner="Dialogs">
<doc>Pauses execution until user clicks ``Ok`` button.</doc>
<status status="PASS" start="2025-08-28T21:41:12.504517" elapsed="1.528071"/>
</kw>
<kw name="Passo 5 - Verificar se realmente entrou no sistema" owner="centroDeCusto">
<kw name="Wait Until Page Contains" owner="SeleniumLibrary">
<arg>text=Logout</arg>
<doc>Waits until ``text`` appears on the current page.</doc>
<status status="PASS" start="2025-08-28T21:41:14.033419" elapsed="0.226804"/>
</kw>
<status status="PASS" start="2025-08-28T21:41:14.033073" elapsed="0.227235"/>
</kw>
<kw name="Passo 6 - Selecionar cadastros" owner="centroDeCusto">
<kw name="Wait Until Element Is Visible" owner="SeleniumLibrary">
<arg>xpath=//*[@id="Cadastros"]</arg>
<doc>Waits until the element ``locator`` is visible.</doc>
<status status="PASS" start="2025-08-28T21:41:14.260827" elapsed="0.016238"/>
</kw>
<kw name="Click Element" owner="SeleniumLibrary">
<msg time="2025-08-28T21:41:14.277488" level="INFO">Clicking element 'xpath =//*[@id="Cadastros"]'.</msg>
<arg>xpath =//*[@id="Cadastros"]</arg>
<doc>Click the element identified by ``locator``.</doc>
<status status="PASS" start="2025-08-28T21:41:14.277302" elapsed="0.068598"/>
</kw>
<status status="PASS" start="2025-08-28T21:41:14.260645" elapsed="0.085405"/>
</kw>
<kw name="Passo 7 - Acessar o centro de custos" owner="centroDeCusto">
<kw name="Wait Until Element Is Visible" owner="SeleniumLibrary">
<arg>xpath=//*[@id="Centro de Custo"]</arg>
<doc>Waits until the element ``locator`` is visible.</doc>
<status status="PASS" start="2025-08-28T21:41:14.346810" elapsed="0.027819"/>
</kw>
<kw name="Click Element" owner="SeleniumLibrary">
<msg time="2025-08-28T21:41:14.374940" level="INFO">Clicking element 'xpath=//*[@id="Centro de Custo"]'.</msg>
<arg>xpath=//*[@id="Centro de Custo"]</arg>
<doc>Click the element identified by ``locator``.</doc>
<status status="PASS" start="2025-08-28T21:41:14.374784" elapsed="0.049425"/>
</kw>
<kw name="Sleep" owner="BuiltIn">
<msg time="2025-08-28T21:41:24.424784" level="INFO">Slept 10 seconds.</msg>
<arg>10s</arg>
<doc>Pauses the test executed for the given time.</doc>
<status status="PASS" start="2025-08-28T21:41:14.424372" elapsed="10.000525"/>
</kw>
<status status="PASS" start="2025-08-28T21:41:14.346523" elapsed="10.078641"/>
</kw>
<kw name="Passo 8 - Clicar no botão novo cadastro" owner="centroDeCusto">
<kw name="Wait Until Element Is Visible" owner="SeleniumLibrary">
<msg time="2025-08-28T21:41:24.472329" level="WARN">Keyword 'Capture Page Screenshot' could not be run on failure: Message: invalid session id; For documentation on this error, please visit: https://www.selenium.dev/documentation/webdriver/troubleshooting/errors#invalidsessionidexception
Stacktrace:
	GetHandleVerifier [0x0xc11af3+62339]
	GetHandleVerifier [0x0xc11b34+62404]
	(No symbol) [0x0xa51f80]
	(No symbol) [0x0xa8da98]
	(No symbol) [0x0xabf276]
	(No symbol) [0x0xabae75]
	(No symbol) [0x0xaba3f6]
	(No symbol) [0x0xa23a45]
	(No symbol) [0x0xa23f9e]
	(No symbol) [0x0xa2442d]
	GetHandleVerifier [0x0xe86683+2637587]
	GetHandleVerifier [0x0xe81a8a+2618138]
	GetHandleVerifier [0x0xc3856a+220666]
	GetHandleVerifier [0x0xc28998+156200]
	GetHandleVerifier [0x0xc2f12d+182717]
	(No symbol) [0x0xa23710]
	(No symbol) [0x0xa22f1d]
	GetHandleVerifier [0x0xfba71c+3899308]
	BaseThreadInitThunk [0x0x769b7ba9+25]
	RtlInitializeExceptionChain [0x0x7775c3ab+107]
	RtlClearBits [0x0x7775c32f+191]
</msg>
<msg time="2025-08-28T21:41:24.473028" level="FAIL">InvalidSessionIdException: Message: invalid session id: session deleted as the browser has closed the connection
from disconnected: not connected to DevTools
  (Session info: chrome=139.0.7258.139); For documentation on this error, please visit: https://www.selenium.dev/documentation/webdriver/troubleshooting/errors#invalidsessionidexception
Stacktrace:
	GetHandleVerifier [0x0xc11af3+62339]
	GetHandleVerifier [0x0xc11b34+62404]
	(No symbol) [0x0xa52123]
	(No symbol) [0x0xa41b30]
	(No symbol) [0x0xa5f8f2]
	(No symbol) [0x0xac5cbc]
	(No symbol) [0x0xae0089]
	(No symbol) [0x0xabf1b6]
	(No symbol) [0x0xa8e7a2]
	(No symbol) [0x0xa8f644]
	GetHandleVerifier [0x0xe86683+2637587]
	GetHandleVerifier [0x0xe81a8a+2618138]
	GetHandleVerifier [0x0xc3856a+220666]
	GetHandleVerifier [0x0xc28998+156200]
	GetHandleVerifier [0x0xc2f12d+182717]
	GetHandleVerifier [0x0xc19a38+94920]
	GetHandleVerifier [0x0xc19bc2+95314]
	GetHandleVerifier [0x0xc04d0a+9626]
	BaseThreadInitThunk [0x0x769b7ba9+25]
	RtlInitializeExceptionChain [0x0x7775c3ab+107]
	RtlClearBits [0x0x7775c32f+191]
</msg>
<arg>xpath=//*[@id="Novo Cadastro"]</arg>
<doc>Waits until the element ``locator`` is visible.</doc>
<status status="FAIL" start="2025-08-28T21:41:24.426620" elapsed="0.050526">InvalidSessionIdException: Message: invalid session id: session deleted as the browser has closed the connection
from disconnected: not connected to DevTools
  (Session info: chrome=139.0.7258.139); For documentation on this error, please visit: https://www.selenium.dev/documentation/webdriver/troubleshooting/errors#invalidsessionidexception
Stacktrace:
	GetHandleVerifier [0x0xc11af3+62339]
	GetHandleVerifier [0x0xc11b34+62404]
	(No symbol) [0x0xa52123]
	(No symbol) [0x0xa41b30]
	(No symbol) [0x0xa5f8f2]
	(No symbol) [0x0xac5cbc]
	(No symbol) [0x0xae0089]
	(No symbol) [0x0xabf1b6]
	(No symbol) [0x0xa8e7a2]
	(No symbol) [0x0xa8f644]
	GetHandleVerifier [0x0xe86683+2637587]
	GetHandleVerifier [0x0xe81a8a+2618138]
	GetHandleVerifier [0x0xc3856a+220666]
	GetHandleVerifier [0x0xc28998+156200]
	GetHandleVerifier [0x0xc2f12d+182717]
	GetHandleVerifier [0x0xc19a38+94920]
	GetHandleVerifier [0x0xc19bc2+95314]
	GetHandleVerifier [0x0xc04d0a+9626]
	BaseThreadInitThunk [0x0x769b7ba9+25]
	RtlInitializeExceptionChain [0x0x7775c3ab+107]
	RtlClearBits [0x0x7775c32f+191]
</status>
</kw>
<kw name="Click Button" owner="SeleniumLibrary">
<arg>xpath=//*[@id="Novo Cadastro"]</arg>
<doc>Clicks the button identified by ``locator``.</doc>
<status status="NOT RUN" start="2025-08-28T21:41:24.477346" elapsed="0.000034"/>
</kw>
<status status="FAIL" start="2025-08-28T21:41:24.426309" elapsed="0.051193">InvalidSessionIdException: Message: invalid session id: session deleted as the browser has closed the connection
from disconnected: not connected to DevTools
  (Session info: chrome=139.0.7258.139); For documentation on this error, please visit: https://www.selenium.dev/documentation/webdriver/troubleshooting/errors#invalidsessionidexception
Stacktrace:
	GetHandleVerifier [0x0xc11af3+62339]
	GetHandleVerifier [0x0xc11b34+62404]
	(No symbol) [0x0xa52123]
	(No symbol) [0x0xa41b30]
	(No symbol) [0x0xa5f8f2]
	(No symbol) [0x0xac5cbc]
	(No symbol) [0x0xae0089]
	(No symbol) [0x0xabf1b6]
	(No symbol) [0x0xa8e7a2]
	(No symbol) [0x0xa8f644]
	GetHandleVerifier [0x0xe86683+2637587]
	GetHandleVerifier [0x0xe81a8a+2618138]
	GetHandleVerifier [0x0xc3856a+220666]
	GetHandleVerifier [0x0xc28998+156200]
	GetHandleVerifier [0x0xc2f12d+182717]
	GetHandleVerifier [0x0xc19a38+94920]
	GetHandleVerifier [0x0xc19bc2+95314]
	GetHandleVerifier [0x0xc04d0a+9626]
	BaseThreadInitThunk [0x0x769b7ba9+25]
	RtlInitializeExceptionChain [0x0x7775c3ab+107]
	RtlClearBits [0x0x7775c32f+191]
</status>
</kw>
<kw name="Passo 9 - Digitar um nome do centro de custo" owner="centroDeCusto">
<status status="NOT RUN" start="2025-08-28T21:41:24.477752" elapsed="0.000032"/>
</kw>
<kw name="Passo 10 - Seleciona uma diretoria" owner="centroDeCusto">
<status status="NOT RUN" start="2025-08-28T21:41:24.477992" elapsed="0.000040"/>
</kw>
<kw name="Passo 11 - Acessar uma diretoria" owner="centroDeCusto">
<status status="NOT RUN" start="2025-08-28T21:41:24.478199" elapsed="0.000025"/>
</kw>
<kw name="Passo 12 - Clicar no botão salvar novo" owner="centroDeCusto">
<status status="NOT RUN" start="2025-08-28T21:41:24.478377" elapsed="0.000024"/>
</kw>
<status status="FAIL" start="2025-08-28T21:41:06.844214" elapsed="17.634355">InvalidSessionIdException: Message: invalid session id: session deleted as the browser has closed the connection
from disconnected: not connected to DevTools
  (Session info: chrome=139.0.7258.139); For documentation on this error, please visit: https://www.selenium.dev/documentation/webdriver/troubleshooting/errors#invalidsessionidexception
Stacktrace:
	GetHandleVerifier [0x0xc11af3+62339]
	GetHandleVerifier [0x0xc11b34+62404]
	(No symbol) [0x0xa52123]
	(No symbol) [0x0xa41b30]
	(No symbol) [0x0xa5f8f2]
	(No symbol) [0x0xac5cbc]
	(No symbol) [0x0xae0089]
	(No symbol) [0x0xabf1b6]
	(No symbol) [0x0xa8e7a2]
	(No symbol) [0x0xa8f644]
	GetHandleVerifier [0x0xe86683+2637587]
	GetHandleVerifier [0x0xe81a8a+2618138]
	GetHandleVerifier [0x0xc3856a+220666]
	GetHandleVerifier [0x0xc28998+156200]
	GetHandleVerifier [0x0xc2f12d+182717]
	GetHandleVerifier [0x0xc19a38+94920]
	GetHandleVerifier [0x0xc19bc2+95314]
	GetHandleVerifier [0x0xc04d0a+9626]
	BaseThreadInitThunk [0x0x769b7ba9+25]
	RtlInitializeExceptionChain [0x0x7775c3ab+107]
	RtlClearBits [0x0x7775c32f+191]
</status>
</test>
<test id="s1-s1-t2" name="Cenário teste:Cadastrar Centro de custo com o campo de nome de custo vazío" line="26">
<kw name="Abrir o navegador" owner="centroDeCusto" type="SETUP">
<kw name="Open Browser" owner="SeleniumLibrary">
<msg time="2025-08-28T21:41:24.482571" level="INFO">Opening browser 'chrome' to base url 'None'.</msg>
<msg time="2025-08-28T21:41:24.588889" level="WARN">The chromedriver version (138.0.7204.168) detected in PATH at C:\Users\evilh\AppData\Local\Programs\Python\Python313\Scripts\chromedriver.exe might not be compatible with the detected chrome version (139.0.7258.139); currently, chromedriver 139.0.7258.154 is recommended for chrome 139.*, so it is advised to delete the driver in PATH and retry</msg>
<arg>browser=chrome</arg>
<doc>Opens a new browser instance to the optional ``url``.</doc>
<status status="PASS" start="2025-08-28T21:41:24.482406" elapsed="1.247162"/>
</kw>
<kw name="Maximize Browser Window" owner="SeleniumLibrary">
<doc>Maximizes current browser window.</doc>
<status status="PASS" start="2025-08-28T21:41:25.730005" elapsed="0.019836"/>
</kw>
<status status="PASS" start="2025-08-28T21:41:24.479703" elapsed="1.270283"/>
</kw>
<kw name="Passo 1 - Acessar a pagina de login" owner="centroDeCusto">
<kw name="Go To" owner="SeleniumLibrary">
<msg time="2025-08-28T21:41:25.751207" level="INFO">Opening url 'https://shogun.qacoders.dev.br/costCenter'</msg>
<arg>url=${urlBase}</arg>
<doc>Navigates the current browser window to the provided ``url``.</doc>
<status status="PASS" start="2025-08-28T21:41:25.750951" elapsed="2.397084"/>
</kw>
<status status="PASS" start="2025-08-28T21:41:25.750501" elapsed="2.397680"/>
</kw>
<kw name="Passo 2 - Digitar um e-mail válido" owner="centroDeCusto">
<kw name="Wait Until Element Is Visible" owner="SeleniumLibrary">
<msg time="2025-08-28T21:41:28.909538" level="WARN">Keyword 'Capture Page Screenshot' could not be run on failure: Message: invalid session id; For documentation on this error, please visit: https://www.selenium.dev/documentation/webdriver/troubleshooting/errors#invalidsessionidexception
Stacktrace:
	GetHandleVerifier [0x0xc11af3+62339]
	GetHandleVerifier [0x0xc11b34+62404]
	(No symbol) [0x0xa51f80]
	(No symbol) [0x0xa8da98]
	(No symbol) [0x0xabf276]
	(No symbol) [0x0xabae75]
	(No symbol) [0x0xaba3f6]
	(No symbol) [0x0xa23a45]
	(No symbol) [0x0xa23f9e]
	(No symbol) [0x0xa2442d]
	GetHandleVerifier [0x0xe86683+2637587]
	GetHandleVerifier [0x0xe81a8a+2618138]
	GetHandleVerifier [0x0xc3856a+220666]
	GetHandleVerifier [0x0xc28998+156200]
	GetHandleVerifier [0x0xc2f12d+182717]
	(No symbol) [0x0xa23710]
	(No symbol) [0x0xa22f1d]
	GetHandleVerifier [0x0xfba71c+3899308]
	BaseThreadInitThunk [0x0x769b7ba9+25]
	RtlInitializeExceptionChain [0x0x7775c3ab+107]
	RtlClearBits [0x0x7775c32f+191]
</msg>
<msg time="2025-08-28T21:41:28.910273" level="FAIL">InvalidSessionIdException: Message: invalid session id: session deleted as the browser has closed the connection
from disconnected: not connected to DevTools
  (Session info: chrome=139.0.7258.139); For documentation on this error, please visit: https://www.selenium.dev/documentation/webdriver/troubleshooting/errors#invalidsessionidexception
Stacktrace:
	GetHandleVerifier [0x0xc11af3+62339]
	GetHandleVerifier [0x0xc11b34+62404]
	(No symbol) [0x0xa52123]
	(No symbol) [0x0xa41b30]
	(No symbol) [0x0xa5f8f2]
	(No symbol) [0x0xac5cbc]
	(No symbol) [0x0xae0089]
	(No symbol) [0x0xabf1b6]
	(No symbol) [0x0xa8e7a2]
	(No symbol) [0x0xa8f644]
	GetHandleVerifier [0x0xe86683+2637587]
	GetHandleVerifier [0x0xe81a8a+2618138]
	GetHandleVerifier [0x0xc3856a+220666]
	GetHandleVerifier [0x0xc28998+156200]
	GetHandleVerifier [0x0xc2f12d+182717]
	GetHandleVerifier [0x0xc19a38+94920]
	GetHandleVerifier [0x0xc19bc2+95314]
	GetHandleVerifier [0x0xc04d0a+9626]
	BaseThreadInitThunk [0x0x769b7ba9+25]
	RtlInitializeExceptionChain [0x0x7775c3ab+107]
	RtlClearBits [0x0x7775c32f+191]
</msg>
<arg>locator=${emailInput}</arg>
<doc>Waits until the element ``locator`` is visible.</doc>
<status status="FAIL" start="2025-08-28T21:41:28.149057" elapsed="0.763464">InvalidSessionIdException: Message: invalid session id: session deleted as the browser has closed the connection
from disconnected: not connected to DevTools
  (Session info: chrome=139.0.7258.139); For documentation on this error, please visit: https://www.selenium.dev/documentation/webdriver/troubleshooting/errors#invalidsessionidexception
Stacktrace:
	GetHandleVerifier [0x0xc11af3+62339]
	GetHandleVerifier [0x0xc11b34+62404]
	(No symbol) [0x0xa52123]
	(No symbol) [0x0xa41b30]
	(No symbol) [0x0xa5f8f2]
	(No symbol) [0x0xac5cbc]
	(No symbol) [0x0xae0089]
	(No symbol) [0x0xabf1b6]
	(No symbol) [0x0xa8e7a2]
	(No symbol) [0x0xa8f644]
	GetHandleVerifier [0x0xe86683+2637587]
	GetHandleVerifier [0x0xe81a8a+2618138]
	GetHandleVerifier [0x0xc3856a+220666]
	GetHandleVerifier [0x0xc28998+156200]
	GetHandleVerifier [0x0xc2f12d+182717]
	GetHandleVerifier [0x0xc19a38+94920]
	GetHandleVerifier [0x0xc19bc2+95314]
	GetHandleVerifier [0x0xc04d0a+9626]
	BaseThreadInitThunk [0x0x769b7ba9+25]
	RtlInitializeExceptionChain [0x0x7775c3ab+107]
	RtlClearBits [0x0x7775c32f+191]
</status>
</kw>
<kw name="Input Text" owner="SeleniumLibrary">
<arg>locator=${emailInput}</arg>
<arg>text=${emailValido}</arg>
<doc>Types the given ``text`` into the text field identified by ``locator``.</doc>
<status status="NOT RUN" start="2025-08-28T21:41:28.912834" elapsed="0.000046"/>
</kw>
<status status="FAIL" start="2025-08-28T21:41:28.148646" elapsed="0.764477">InvalidSessionIdException: Message: invalid session id: session deleted as the browser has closed the connection
from disconnected: not connected to DevTools
  (Session info: chrome=139.0.7258.139); For documentation on this error, please visit: https://www.selenium.dev/documentation/webdriver/troubleshooting/errors#invalidsessionidexception
Stacktrace:
	GetHandleVerifier [0x0xc11af3+62339]
	GetHandleVerifier [0x0xc11b34+62404]
	(No symbol) [0x0xa52123]
	(No symbol) [0x0xa41b30]
	(No symbol) [0x0xa5f8f2]
	(No symbol) [0x0xac5cbc]
	(No symbol) [0x0xae0089]
	(No symbol) [0x0xabf1b6]
	(No symbol) [0x0xa8e7a2]
	(No symbol) [0x0xa8f644]
	GetHandleVerifier [0x0xe86683+2637587]
	GetHandleVerifier [0x0xe81a8a+2618138]
	GetHandleVerifier [0x0xc3856a+220666]
	GetHandleVerifier [0x0xc28998+156200]
	GetHandleVerifier [0x0xc2f12d+182717]
	GetHandleVerifier [0x0xc19a38+94920]
	GetHandleVerifier [0x0xc19bc2+95314]
	GetHandleVerifier [0x0xc04d0a+9626]
	BaseThreadInitThunk [0x0x769b7ba9+25]
	RtlInitializeExceptionChain [0x0x7775c3ab+107]
	RtlClearBits [0x0x7775c32f+191]
</status>
</kw>
<kw name="Passo 3 - Digitar uma senha válida" owner="centroDeCusto">
<status status="NOT RUN" start="2025-08-28T21:41:28.913885" elapsed="0.000051"/>
</kw>
<kw name="Passo 4 - Clicar no botão entrar" owner="centroDeCusto">
<status status="NOT RUN" start="2025-08-28T21:41:28.914106" elapsed="0.000024"/>
</kw>
<kw name="Pause Execution" owner="Dialogs">
<doc>Pauses execution until user clicks ``Ok`` button.</doc>
<status status="NOT RUN" start="2025-08-28T21:41:28.914260" elapsed="0.000027"/>
</kw>
<kw name="Passo 5 - Verificar se realmente entrou no sistema" owner="centroDeCusto">
<status status="NOT RUN" start="2025-08-28T21:41:28.914446" elapsed="0.000026"/>
</kw>
<kw name="Passo 6 - Selecionar cadastros" owner="centroDeCusto">
<status status="NOT RUN" start="2025-08-28T21:41:28.914604" elapsed="0.000023"/>
</kw>
<kw name="Passo 7 - Acessar o centro de custos" owner="centroDeCusto">
<status status="NOT RUN" start="2025-08-28T21:41:28.914745" elapsed="0.000021"/>
</kw>
<kw name="Passo 8 - Clicar no botão novo cadastro" owner="centroDeCusto">
<status status="NOT RUN" start="2025-08-28T21:41:28.914879" elapsed="0.000023"/>
</kw>
<kw name="Passo 10 - Seleciona uma diretoria" owner="centroDeCusto">
<status status="NOT RUN" start="2025-08-28T21:41:28.915052" elapsed="0.000030"/>
</kw>
<kw name="Passo 11 - Acessar uma diretoria" owner="centroDeCusto">
<status status="NOT RUN" start="2025-08-28T21:41:28.915410" elapsed="0.000042"/>
</kw>
<kw name="Passo 12 - Clicar no botão salvar novo" owner="centroDeCusto">
<status status="NOT RUN" start="2025-08-28T21:41:28.915600" elapsed="0.000026"/>
</kw>
<kw name="Sleep" owner="BuiltIn">
<arg>5s</arg>
<doc>Pauses the test executed for the given time.</doc>
<status status="NOT RUN" start="2025-08-28T21:41:28.915757" elapsed="0.000026"/>
</kw>
<kw name="Get Text" owner="SeleniumLibrary">
<var>${mensagem}</var>
<arg>xpath=//*[@id="root"]/div/div[2]/div[2]/div/div/div/div[2]/form/div[1]/div/span</arg>
<doc>Returns the text value of the element identified by ``locator``.</doc>
<status status="NOT RUN" start="2025-08-28T21:41:28.915910" elapsed="0.000021"/>
</kw>
<kw name="Should Be Equal As Strings" owner="BuiltIn">
<arg>${mensagem}</arg>
<arg>Campo obrigatório</arg>
<doc>Fails if objects are unequal after converting them to strings.</doc>
<status status="NOT RUN" start="2025-08-28T21:41:28.916042" elapsed="0.000020"/>
</kw>
<status status="FAIL" start="2025-08-28T21:41:24.479280" elapsed="4.436958">InvalidSessionIdException: Message: invalid session id: session deleted as the browser has closed the connection
from disconnected: not connected to DevTools
  (Session info: chrome=139.0.7258.139); For documentation on this error, please visit: https://www.selenium.dev/documentation/webdriver/troubleshooting/errors#invalidsessionidexception
Stacktrace:
	GetHandleVerifier [0x0xc11af3+62339]
	GetHandleVerifier [0x0xc11b34+62404]
	(No symbol) [0x0xa52123]
	(No symbol) [0x0xa41b30]
	(No symbol) [0x0xa5f8f2]
	(No symbol) [0x0xac5cbc]
	(No symbol) [0x0xae0089]
	(No symbol) [0x0xabf1b6]
	(No symbol) [0x0xa8e7a2]
	(No symbol) [0x0xa8f644]
	GetHandleVerifier [0x0xe86683+2637587]
	GetHandleVerifier [0x0xe81a8a+2618138]
	GetHandleVerifier [0x0xc3856a+220666]
	GetHandleVerifier [0x0xc28998+156200]
	GetHandleVerifier [0x0xc2f12d+182717]
	GetHandleVerifier [0x0xc19a38+94920]
	GetHandleVerifier [0x0xc19bc2+95314]
	GetHandleVerifier [0x0xc04d0a+9626]
	BaseThreadInitThunk [0x0x769b7ba9+25]
	RtlInitializeExceptionChain [0x0x7775c3ab+107]
	RtlClearBits [0x0x7775c32f+191]
</status>
</test>
<test id="s1-s1-t3" name="Cenário teste: Cadastrar Centro de custo com o campo sem selecionar uma direitoria" line="44">
<kw name="Abrir o navegador" owner="centroDeCusto" type="SETUP">
<kw name="Open Browser" owner="SeleniumLibrary">
<msg time="2025-08-28T21:41:28.918017" level="INFO">Opening browser 'chrome' to base url 'None'.</msg>
<msg time="2025-08-28T21:41:29.014088" level="WARN">The chromedriver version (138.0.7204.168) detected in PATH at C:\Users\evilh\AppData\Local\Programs\Python\Python313\Scripts\chromedriver.exe might not be compatible with the detected chrome version (139.0.7258.139); currently, chromedriver 139.0.7258.154 is recommended for chrome 139.*, so it is advised to delete the driver in PATH and retry</msg>
<arg>browser=chrome</arg>
<doc>Opens a new browser instance to the optional ``url``.</doc>
<status status="PASS" start="2025-08-28T21:41:28.917791" elapsed="1.182468"/>
</kw>
<kw name="Maximize Browser Window" owner="SeleniumLibrary">
<doc>Maximizes current browser window.</doc>
<status status="PASS" start="2025-08-28T21:41:30.100401" elapsed="0.024981"/>
</kw>
<status status="PASS" start="2025-08-28T21:41:28.917449" elapsed="1.208035"/>
</kw>
<kw name="Passo 1 - Acessar a pagina de login" owner="centroDeCusto">
<kw name="Go To" owner="SeleniumLibrary">
<msg time="2025-08-28T21:41:30.126220" level="INFO">Opening url 'https://shogun.qacoders.dev.br/costCenter'</msg>
<arg>url=${urlBase}</arg>
<doc>Navigates the current browser window to the provided ``url``.</doc>
<status status="PASS" start="2025-08-28T21:41:30.126074" elapsed="1.414985"/>
</kw>
<status status="PASS" start="2025-08-28T21:41:30.125782" elapsed="1.415611"/>
</kw>
<kw name="Passo 2 - Digitar um e-mail válido" owner="centroDeCusto">
<kw name="Wait Until Element Is Visible" owner="SeleniumLibrary">
<msg time="2025-08-28T21:41:31.549940" level="WARN">Keyword 'Capture Page Screenshot' could not be run on failure: Message: no such window: target window already closed
from unknown error: web view not found
  (Session info: chrome=139.0.7258.139)
Stacktrace:
	GetHandleVerifier [0x0xc11af3+62339]
	GetHandleVerifier [0x0xc11b34+62404]
	(No symbol) [0x0xa52123]
	(No symbol) [0x0xa30fc9]
	(No symbol) [0x0xac5aee]
	(No symbol) [0x0xae0089]
	(No symbol) [0x0xabf1b6]
	(No symbol) [0x0xa8e7a2]
	(No symbol) [0x0xa8f644]
	GetHandleVerifier [0x0xe86683+2637587]
	GetHandleVerifier [0x0xe81a8a+2618138]
	GetHandleVerifier [0x0xc3856a+220666]
	GetHandleVerifier [0x0xc28998+156200]
	GetHandleVerifier [0x0xc2f12d+182717]
	GetHandleVerifier [0x0xc19a38+94920]
	GetHandleVerifier [0x0xc19bc2+95314]
	GetHandleVerifier [0x0xc04d0a+9626]
	BaseThreadInitThunk [0x0x769b7ba9+25]
	RtlInitializeExceptionChain [0x0x7775c3ab+107]
	RtlClearBits [0x0x7775c32f+191]
</msg>
<msg time="2025-08-28T21:41:31.550754" level="FAIL">NoSuchWindowException: Message: no such window: target window already closed
from unknown error: web view not found
  (Session info: chrome=139.0.7258.139)
Stacktrace:
	GetHandleVerifier [0x0xc11af3+62339]
	GetHandleVerifier [0x0xc11b34+62404]
	(No symbol) [0x0xa52123]
	(No symbol) [0x0xa30fc9]
	(No symbol) [0x0xac5aee]
	(No symbol) [0x0xae0089]
	(No symbol) [0x0xabf1b6]
	(No symbol) [0x0xa8e7a2]
	(No symbol) [0x0xa8f644]
	GetHandleVerifier [0x0xe86683+2637587]
	GetHandleVerifier [0x0xe81a8a+2618138]
	GetHandleVerifier [0x0xc3856a+220666]
	GetHandleVerifier [0x0xc28998+156200]
	GetHandleVerifier [0x0xc2f12d+182717]
	GetHandleVerifier [0x0xc19a38+94920]
	GetHandleVerifier [0x0xc19bc2+95314]
	GetHandleVerifier [0x0xc04d0a+9626]
	BaseThreadInitThunk [0x0x769b7ba9+25]
	RtlInitializeExceptionChain [0x0x7775c3ab+107]
	RtlClearBits [0x0x7775c32f+191]
</msg>
<arg>locator=${emailInput}</arg>
<doc>Waits until the element ``locator`` is visible.</doc>
<status status="FAIL" start="2025-08-28T21:41:31.542233" elapsed="0.015308">NoSuchWindowException: Message: no such window: target window already closed
from unknown error: web view not found
  (Session info: chrome=139.0.7258.139)
Stacktrace:
	GetHandleVerifier [0x0xc11af3+62339]
	GetHandleVerifier [0x0xc11b34+62404]
	(No symbol) [0x0xa52123]
	(No symbol) [0x0xa30fc9]
	(No symbol) [0x0xac5aee]
	(No symbol) [0x0xae0089]
	(No symbol) [0x0xabf1b6]
	(No symbol) [0x0xa8e7a2]
	(No symbol) [0x0xa8f644]
	GetHandleVerifier [0x0xe86683+2637587]
	GetHandleVerifier [0x0xe81a8a+2618138]
	GetHandleVerifier [0x0xc3856a+220666]
	GetHandleVerifier [0x0xc28998+156200]
	GetHandleVerifier [0x0xc2f12d+182717]
	GetHandleVerifier [0x0xc19a38+94920]
	GetHandleVerifier [0x0xc19bc2+95314]
	GetHandleVerifier [0x0xc04d0a+9626]
	BaseThreadInitThunk [0x0x769b7ba9+25]
	RtlInitializeExceptionChain [0x0x7775c3ab+107]
	RtlClearBits [0x0x7775c32f+191]
</status>
</kw>
<kw name="Input Text" owner="SeleniumLibrary">
<arg>locator=${emailInput}</arg>
<arg>text=${emailValido}</arg>
<doc>Types the given ``text`` into the text field identified by ``locator``.</doc>
<status status="NOT RUN" start="2025-08-28T21:41:31.558548" elapsed="0.000079"/>
</kw>
<status status="FAIL" start="2025-08-28T21:41:31.541754" elapsed="0.017380">NoSuchWindowException: Message: no such window: target window already closed
from unknown error: web view not found
  (Session info: chrome=139.0.7258.139)
Stacktrace:
	GetHandleVerifier [0x0xc11af3+62339]
	GetHandleVerifier [0x0xc11b34+62404]
	(No symbol) [0x0xa52123]
	(No symbol) [0x0xa30fc9]
	(No symbol) [0x0xac5aee]
	(No symbol) [0x0xae0089]
	(No symbol) [0x0xabf1b6]
	(No symbol) [0x0xa8e7a2]
	(No symbol) [0x0xa8f644]
	GetHandleVerifier [0x0xe86683+2637587]
	GetHandleVerifier [0x0xe81a8a+2618138]
	GetHandleVerifier [0x0xc3856a+220666]
	GetHandleVerifier [0x0xc28998+156200]
	GetHandleVerifier [0x0xc2f12d+182717]
	GetHandleVerifier [0x0xc19a38+94920]
	GetHandleVerifier [0x0xc19bc2+95314]
	GetHandleVerifier [0x0xc04d0a+9626]
	BaseThreadInitThunk [0x0x769b7ba9+25]
	RtlInitializeExceptionChain [0x0x7775c3ab+107]
	RtlClearBits [0x0x7775c32f+191]
</status>
</kw>
<kw name="Passo 3 - Digitar uma senha válida" owner="centroDeCusto">
<status status="NOT RUN" start="2025-08-28T21:41:31.561578" elapsed="0.000084"/>
</kw>
<kw name="Passo 4 - Clicar no botão entrar" owner="centroDeCusto">
<status status="NOT RUN" start="2025-08-28T21:41:31.561990" elapsed="0.000051"/>
</kw>
<kw name="Pause Execution" owner="Dialogs">
<doc>Pauses execution until user clicks ``Ok`` button.</doc>
<status status="NOT RUN" start="2025-08-28T21:41:31.562389" elapsed="0.000058"/>
</kw>
<kw name="Passo 5 - Verificar se realmente entrou no sistema" owner="centroDeCusto">
<status status="NOT RUN" start="2025-08-28T21:41:31.567147" elapsed="0.000418"/>
</kw>
<kw name="Passo 6 - Selecionar cadastros" owner="centroDeCusto">
<status status="NOT RUN" start="2025-08-28T21:41:31.568380" elapsed="0.000083"/>
</kw>
<kw name="Passo 7 - Acessar o centro de custos" owner="centroDeCusto">
<status status="NOT RUN" start="2025-08-28T21:41:31.579245" elapsed="0.000147"/>
</kw>
<kw name="Passo 8 - Clicar no botão novo cadastro" owner="centroDeCusto">
<status status="NOT RUN" start="2025-08-28T21:41:31.581355" elapsed="0.000096"/>
</kw>
<kw name="Passo 9 - Digitar um nome do centro de custo" owner="centroDeCusto">
<status status="NOT RUN" start="2025-08-28T21:41:31.585259" elapsed="0.000652"/>
</kw>
<kw name="Passo 11 - Acessar uma diretoria" owner="centroDeCusto">
<status status="NOT RUN" start="2025-08-28T21:41:31.600777" elapsed="0.000104"/>
</kw>
<kw name="Passo 12 - Clicar no botão salvar novo" owner="centroDeCusto">
<status status="NOT RUN" start="2025-08-28T21:41:31.608979" elapsed="0.000113"/>
</kw>
<kw name="Sleep" owner="BuiltIn">
<arg>5s</arg>
<doc>Pauses the test executed for the given time.</doc>
<status status="NOT RUN" start="2025-08-28T21:41:31.609419" elapsed="0.000049"/>
</kw>
<kw name="Get Text" owner="SeleniumLibrary">
<var>${mensagem}</var>
<arg>xpath=//*[@id="root"]/div/div[2]/div[2]/div/div/div/div[2]/form/div[2]/div/span</arg>
<doc>Returns the text value of the element identified by ``locator``.</doc>
<status status="NOT RUN" start="2025-08-28T21:41:31.609755" elapsed="0.000048"/>
</kw>
<kw name="Should Be Equal As Strings" owner="BuiltIn">
<arg>${mensagem}</arg>
<arg>Seleciona uma diretoria</arg>
<doc>Fails if objects are unequal after converting them to strings.</doc>
<status status="NOT RUN" start="2025-08-28T21:41:31.610130" elapsed="0.000038"/>
</kw>
<status status="FAIL" start="2025-08-28T21:41:28.916991" elapsed="2.693740">NoSuchWindowException: Message: no such window: target window already closed
from unknown error: web view not found
  (Session info: chrome=139.0.7258.139)
Stacktrace:
	GetHandleVerifier [0x0xc11af3+62339]
	GetHandleVerifier [0x0xc11b34+62404]
	(No symbol) [0x0xa52123]
	(No symbol) [0x0xa30fc9]
	(No symbol) [0x0xac5aee]
	(No symbol) [0x0xae0089]
	(No symbol) [0x0xabf1b6]
	(No symbol) [0x0xa8e7a2]
	(No symbol) [0x0xa8f644]
	GetHandleVerifier [0x0xe86683+2637587]
	GetHandleVerifier [0x0xe81a8a+2618138]
	GetHandleVerifier [0x0xc3856a+220666]
	GetHandleVerifier [0x0xc28998+156200]
	GetHandleVerifier [0x0xc2f12d+182717]
	GetHandleVerifier [0x0xc19a38+94920]
	GetHandleVerifier [0x0xc19bc2+95314]
	GetHandleVerifier [0x0xc04d0a+9626]
	BaseThreadInitThunk [0x0x769b7ba9+25]
	RtlInitializeExceptionChain [0x0x7775c3ab+107]
	RtlClearBits [0x0x7775c32f+191]
</status>
</test>
<test id="s1-s1-t4" name="Cenário teste: Cadastrar centro de custo clicar em cancelar" line="62">
<kw name="Abrir o navegador" owner="centroDeCusto" type="SETUP">
<kw name="Open Browser" owner="SeleniumLibrary">
<msg time="2025-08-28T21:41:31.625369" level="INFO">Opening browser 'chrome' to base url 'None'.</msg>
<msg time="2025-08-28T21:41:31.748332" level="WARN">The chromedriver version (138.0.7204.168) detected in PATH at C:\Users\evilh\AppData\Local\Programs\Python\Python313\Scripts\chromedriver.exe might not be compatible with the detected chrome version (139.0.7258.139); currently, chromedriver 139.0.7258.154 is recommended for chrome 139.*, so it is advised to delete the driver in PATH and retry</msg>
<arg>browser=chrome</arg>
<doc>Opens a new browser instance to the optional ``url``.</doc>
<status status="PASS" start="2025-08-28T21:41:31.625124" elapsed="1.191422"/>
</kw>
<kw name="Maximize Browser Window" owner="SeleniumLibrary">
<doc>Maximizes current browser window.</doc>
<status status="PASS" start="2025-08-28T21:41:32.816698" elapsed="0.031910"/>
</kw>
<status status="PASS" start="2025-08-28T21:41:31.624669" elapsed="1.224049"/>
</kw>
<kw name="Passo 1 - Acessar a pagina de login" owner="centroDeCusto">
<kw name="Go To" owner="SeleniumLibrary">
<msg time="2025-08-28T21:41:32.849829" level="INFO">Opening url 'https://shogun.qacoders.dev.br/costCenter'</msg>
<arg>url=${urlBase}</arg>
<doc>Navigates the current browser window to the provided ``url``.</doc>
<status status="PASS" start="2025-08-28T21:41:32.849625" elapsed="9.229379"/>
</kw>
<status status="PASS" start="2025-08-28T21:41:32.849180" elapsed="9.229938"/>
</kw>
<kw name="Passo 2 - Digitar um e-mail válido" owner="centroDeCusto">
<kw name="Wait Until Element Is Visible" owner="SeleniumLibrary">
<arg>locator=${emailInput}</arg>
<doc>Waits until the element ``locator`` is visible.</doc>
<status status="PASS" start="2025-08-28T21:41:42.079759" elapsed="0.681453"/>
</kw>
<kw name="Input Text" owner="SeleniumLibrary">
<msg time="2025-08-28T21:41:42.761572" level="INFO">Typing text 'sysadmin@qacoders.com' into text field 'id=email'.</msg>
<arg>locator=${emailInput}</arg>
<arg>text=${emailValido}</arg>
<doc>Types the given ``text`` into the text field identified by ``locator``.</doc>
<status status="PASS" start="2025-08-28T21:41:42.761351" elapsed="0.119906"/>
</kw>
<status status="PASS" start="2025-08-28T21:41:42.079499" elapsed="0.801852"/>
</kw>
<kw name="Passo 3 - Digitar uma senha válida" owner="centroDeCusto">
<kw name="Wait Until Element Is Visible" owner="SeleniumLibrary">
<arg>locator=${senhaInput}</arg>
<doc>Waits until the element ``locator`` is visible.</doc>
<status status="PASS" start="2025-08-28T21:41:42.881808" elapsed="0.014097"/>
</kw>
<kw name="Input Password" owner="SeleniumLibrary">
<msg time="2025-08-28T21:41:42.896321" level="INFO">Typing password into text field 'id=password'.</msg>
<msg time="2025-08-28T21:41:42.915572" level="INFO">Temporally setting log level to: NONE</msg>
<arg>locator=${senhaInput}</arg>
<arg>password=${senhaValido}</arg>
<doc>Types the given password into the text field identified by ``locator``.</doc>
<status status="PASS" start="2025-08-28T21:41:42.896052" elapsed="0.062018"/>
</kw>
<status status="PASS" start="2025-08-28T21:41:42.881613" elapsed="0.076554"/>
</kw>
<kw name="Passo 4 - Clicar no botão entrar" owner="centroDeCusto">
<kw name="Wait Until Element Is Visible" owner="SeleniumLibrary">
<arg>locator=${botãoInput}</arg>
<doc>Waits until the element ``locator`` is visible.</doc>
<status status="PASS" start="2025-08-28T21:41:42.958698" elapsed="0.012810"/>
</kw>
<kw name="Click Button" owner="SeleniumLibrary">
<msg time="2025-08-28T21:41:42.971975" level="INFO">Clicking button 'id=login'.</msg>
<arg>locator=${botãoInput}</arg>
<doc>Clicks the button identified by ``locator``.</doc>
<status status="PASS" start="2025-08-28T21:41:42.971749" elapsed="0.059754"/>
</kw>
<kw name="Run Keyword And Return Status" owner="BuiltIn">
<kw name="Element Should Be Visible" owner="SeleniumLibrary">
<msg time="2025-08-28T21:41:43.238162" level="INFO" html="true">&lt;/td&gt;&lt;/tr&gt;&lt;tr&gt;&lt;td colspan="3"&gt;&lt;a href="selenium-screenshot-2.png"&gt;&lt;img src="selenium-screenshot-2.png" width="800px"&gt;&lt;/a&gt;</msg>
<msg time="2025-08-28T21:41:43.238358" level="FAIL">Element with locator 'xpath=//button[contains(text(),'OK')]' not found.</msg>
<arg>xpath=//button[contains(text(),'OK')]</arg>
<doc>Verifies that the element identified by ``locator`` is visible.</doc>
<status status="FAIL" start="2025-08-28T21:41:43.031811" elapsed="0.207874">Element with locator 'xpath=//button[contains(text(),'OK')]' not found.</status>
</kw>
<msg time="2025-08-28T21:41:43.239883" level="INFO">${popup_visivel} = False</msg>
<var>${popup_visivel}</var>
<arg>Element Should Be Visible</arg>
<arg>xpath=//button[contains(text(),'OK')]</arg>
<doc>Runs the given keyword with given arguments and returns the status as a Boolean value.</doc>
<status status="PASS" start="2025-08-28T21:41:43.031665" elapsed="0.208255"/>
</kw>
<kw name="Run Keyword If" owner="BuiltIn">
<arg>${popup_visivel}</arg>
<arg>Click Button</arg>
<arg>xpath=//button[contains(text(),'OK')]</arg>
<doc>Runs the given keyword with the given arguments, if ``condition`` is true.</doc>
<status status="PASS" start="2025-08-28T21:41:43.240107" elapsed="0.000166"/>
</kw>
<status status="PASS" start="2025-08-28T21:41:42.958483" elapsed="0.281878"/>
</kw>
<kw name="Pause Execution" owner="Dialogs">
<doc>Pauses execution until user clicks ``Ok`` button.</doc>
<status status="PASS" start="2025-08-28T21:41:43.240701" elapsed="3.249061"/>
</kw>
<kw name="Passo 5 - Verificar se realmente entrou no sistema" owner="centroDeCusto">
<kw name="Wait Until Page Contains" owner="SeleniumLibrary">
<arg>text=Logout</arg>
<doc>Waits until ``text`` appears on the current page.</doc>
<status status="PASS" start="2025-08-28T21:41:46.490596" elapsed="0.236504"/>
</kw>
<status status="PASS" start="2025-08-28T21:41:46.490232" elapsed="0.237151"/>
</kw>
<kw name="Passo 6 - Selecionar cadastros" owner="centroDeCusto">
<kw name="Wait Until Element Is Visible" owner="SeleniumLibrary">
<arg>xpath=//*[@id="Cadastros"]</arg>
<doc>Waits until the element ``locator`` is visible.</doc>
<status status="PASS" start="2025-08-28T21:41:46.729889" elapsed="0.021639"/>
</kw>
<kw name="Click Element" owner="SeleniumLibrary">
<msg time="2025-08-28T21:41:46.751832" level="INFO">Clicking element 'xpath =//*[@id="Cadastros"]'.</msg>
<arg>xpath =//*[@id="Cadastros"]</arg>
<doc>Click the element identified by ``locator``.</doc>
<status status="PASS" start="2025-08-28T21:41:46.751678" elapsed="0.058939"/>
</kw>
<status status="PASS" start="2025-08-28T21:41:46.728870" elapsed="0.082019"/>
</kw>
<kw name="Passo 7 - Acessar o centro de custos" owner="centroDeCusto">
<kw name="Wait Until Element Is Visible" owner="SeleniumLibrary">
<arg>xpath=//*[@id="Centro de Custo"]</arg>
<doc>Waits until the element ``locator`` is visible.</doc>
<status status="PASS" start="2025-08-28T21:41:46.812440" elapsed="0.034862"/>
</kw>
<kw name="Click Element" owner="SeleniumLibrary">
<msg time="2025-08-28T21:41:46.847644" level="INFO">Clicking element 'xpath=//*[@id="Centro de Custo"]'.</msg>
<arg>xpath=//*[@id="Centro de Custo"]</arg>
<doc>Click the element identified by ``locator``.</doc>
<status status="PASS" start="2025-08-28T21:41:46.847482" elapsed="0.059444"/>
</kw>
<kw name="Sleep" owner="BuiltIn">
<msg time="2025-08-28T21:41:56.907763" level="INFO">Slept 10 seconds.</msg>
<arg>10s</arg>
<doc>Pauses the test executed for the given time.</doc>
<status status="PASS" start="2025-08-28T21:41:46.907146" elapsed="10.000836"/>
</kw>
<status status="PASS" start="2025-08-28T21:41:46.811992" elapsed="10.096201"/>
</kw>
<kw name="Passo 8 - Clicar no botão novo cadastro" owner="centroDeCusto">
<kw name="Wait Until Element Is Visible" owner="SeleniumLibrary">
<arg>xpath=//*[@id="Novo Cadastro"]</arg>
<doc>Waits until the element ``locator`` is visible.</doc>
<status status="PASS" start="2025-08-28T21:41:56.910383" elapsed="0.026851"/>
</kw>
<kw name="Click Button" owner="SeleniumLibrary">
<msg time="2025-08-28T21:41:56.937710" level="INFO">Clicking button 'xpath=//*[@id="Novo Cadastro"]'.</msg>
<arg>xpath=//*[@id="Novo Cadastro"]</arg>
<doc>Clicks the button identified by ``locator``.</doc>
<status status="PASS" start="2025-08-28T21:41:56.937421" elapsed="0.060287"/>
</kw>
<status status="PASS" start="2025-08-28T21:41:56.909550" elapsed="0.088255"/>
</kw>
<kw name="Passo 9 - Digitar um nome do centro de custo" owner="centroDeCusto">
<kw name="Generate Random String" owner="String">
<msg time="2025-08-28T21:41:56.998459" level="INFO">${nome_centro} = VQOKT</msg>
<var>${nome_centro}</var>
<arg>5</arg>
<arg>[UPPER]</arg>
<doc>Generates a string with a desired ``length`` from the given ``chars``.</doc>
<status status="PASS" start="2025-08-28T21:41:56.998263" elapsed="0.000221"/>
</kw>
<kw name="Wait Until Element Is Visible" owner="SeleniumLibrary">
<msg time="2025-08-28T21:42:02.202122" level="INFO" html="true">&lt;/td&gt;&lt;/tr&gt;&lt;tr&gt;&lt;td colspan="3"&gt;&lt;a href="selenium-screenshot-1.png"&gt;&lt;img src="selenium-screenshot-1.png" width="800px"&gt;&lt;/a&gt;</msg>
<msg time="2025-08-28T21:42:02.202297" level="FAIL">Element 'xpath=//*[@id="costCentername"]' not visible after 5 seconds.</msg>
<arg>xpath=//*[@id="costCentername"]</arg>
<doc>Waits until the element ``locator`` is visible.</doc>
<status status="FAIL" start="2025-08-28T21:41:56.998571" elapsed="5.204941">Element 'xpath=//*[@id="costCentername"]' not visible after 5 seconds.</status>
</kw>
<kw name="Input Text" owner="SeleniumLibrary">
<arg>xpath=//*[@id="costCentername"]</arg>
<arg>${nome_centro}</arg>
<doc>Types the given ``text`` into the text field identified by ``locator``.</doc>
<status status="NOT RUN" start="2025-08-28T21:42:02.203823" elapsed="0.000045"/>
</kw>
<status status="FAIL" start="2025-08-28T21:41:56.998067" elapsed="5.205908">Element 'xpath=//*[@id="costCentername"]' not visible after 5 seconds.</status>
</kw>
<kw name="Passo 10 - Seleciona uma diretoria" owner="centroDeCusto">
<status status="NOT RUN" start="2025-08-28T21:42:02.204459" elapsed="0.000105"/>
</kw>
<kw name="Passo 11 - Acessar uma diretoria" owner="centroDeCusto">
<status status="NOT RUN" start="2025-08-28T21:42:02.205113" elapsed="0.000069"/>
</kw>
<kw name="Passo 12 - Clicar no botão cancelar">
<status status="NOT RUN" start="2025-08-28T21:42:02.216405" elapsed="0.000073"/>
</kw>
<kw name="Sleep" owner="BuiltIn">
<arg>5s</arg>
<doc>Pauses the test executed for the given time.</doc>
<status status="NOT RUN" start="2025-08-28T21:42:02.216830" elapsed="0.000032"/>
</kw>
<kw name="Get Text" owner="SeleniumLibrary">
<var>${mensagem}</var>
<arg>xpath=//*[@id="root"]/div/div[2]/div[2]/div/div/div/div[3]/h2</arg>
<doc>Returns the text value of the element identified by ``locator``.</doc>
<status status="NOT RUN" start="2025-08-28T21:42:02.217157" elapsed="0.000029"/>
</kw>
<kw name="Should Be Equal As Strings" owner="BuiltIn">
<arg>${mensagem}</arg>
<arg>Se você sair sem salvar, todos os dados serão perdidos, deseja cancelar?</arg>
<doc>Fails if objects are unequal after converting them to strings.</doc>
<status status="NOT RUN" start="2025-08-28T21:42:02.217500" elapsed="0.000032"/>
</kw>
<status status="FAIL" start="2025-08-28T21:41:31.618480" elapsed="30.599635">Element 'xpath=//*[@id="costCentername"]' not visible after 5 seconds.</status>
</test>
<status status="FAIL" start="2025-08-28T21:41:06.588441" elapsed="55.631195"/>
</suite>
<suite id="s1-s2" name="Empresa" source="c:\Documents\PROJETO-QA-CODERS\supernatural-academyt14-front-robot\tests\empresa.robot">
<test id="s1-s2-t1" name="Cenário teste: Login de usuario perfil administrador com sucesso" line="9">
<kw name="Abrir o navegador" owner="empresa" type="SETUP">
<kw name="Open Browser" owner="SeleniumLibrary">
<msg time="2025-08-28T21:42:02.228631" level="INFO">Opening browser 'chrome' to base url 'None'.</msg>
<msg time="2025-08-28T21:42:02.331184" level="WARN">The chromedriver version (138.0.7204.168) detected in PATH at C:\Users\evilh\AppData\Local\Programs\Python\Python313\Scripts\chromedriver.exe might not be compatible with the detected chrome version (139.0.7258.139); currently, chromedriver 139.0.7258.154 is recommended for chrome 139.*, so it is advised to delete the driver in PATH and retry</msg>
<arg>browser=chrome</arg>
<doc>Opens a new browser instance to the optional ``url``.</doc>
<status status="PASS" start="2025-08-28T21:42:02.228510" elapsed="1.227867"/>
</kw>
<kw name="Maximize Browser Window" owner="SeleniumLibrary">
<doc>Maximizes current browser window.</doc>
<status status="PASS" start="2025-08-28T21:42:03.456540" elapsed="0.023830"/>
</kw>
<status status="PASS" start="2025-08-28T21:42:02.228294" elapsed="1.252169"/>
</kw>
<kw name="Passo 1 - Acessar a pagina de login" owner="empresa">
<kw name="Go To" owner="SeleniumLibrary">
<msg time="2025-08-28T21:42:03.481052" level="INFO">Opening url 'https://shogun.qacoders.dev.br/costCenter'</msg>
<arg>url=${urlBase}</arg>
<doc>Navigates the current browser window to the provided ``url``.</doc>
<status status="PASS" start="2025-08-28T21:42:03.480934" elapsed="2.310313"/>
</kw>
<status status="PASS" start="2025-08-28T21:42:03.480739" elapsed="2.310672"/>
</kw>
<kw name="Passo 2 - Digitar um e-mail válido" owner="empresa">
<kw name="Wait Until Element Is Visible" owner="SeleniumLibrary">
<arg>locator=${emailInput}</arg>
<doc>Waits until the element ``locator`` is visible.</doc>
<status status="PASS" start="2025-08-28T21:42:05.792163" elapsed="0.711252"/>
</kw>
<kw name="Input Text" owner="SeleniumLibrary">
<msg time="2025-08-28T21:42:06.504120" level="INFO">Typing text 'sysadmin@qacoders.com' into text field 'id=email'.</msg>
<arg>locator=${emailInput}</arg>
<arg>text=${emailValido}</arg>
<doc>Types the given ``text`` into the text field identified by ``locator``.</doc>
<status status="PASS" start="2025-08-28T21:42:06.503724" elapsed="0.123460"/>
</kw>
<status status="PASS" start="2025-08-28T21:42:05.791888" elapsed="0.835409"/>
</kw>
<kw name="Passo 3 - Digitar uma senha válida" owner="empresa">
<kw name="Wait Until Element Is Visible" owner="SeleniumLibrary">
<arg>locator=${senhaInput}</arg>
<doc>Waits until the element ``locator`` is visible.</doc>
<status status="PASS" start="2025-08-28T21:42:06.627925" elapsed="0.016537"/>
</kw>
<kw name="Input Password" owner="SeleniumLibrary">
<msg time="2025-08-28T21:42:06.644838" level="INFO">Typing password into text field 'id=password'.</msg>
<msg time="2025-08-28T21:42:06.665546" level="INFO">Temporally setting log level to: NONE</msg>
<arg>locator=${senhaInput}</arg>
<arg>password=${senhaValido}</arg>
<doc>Types the given password into the text field identified by ``locator``.</doc>
<status status="PASS" start="2025-08-28T21:42:06.644608" elapsed="0.066398"/>
</kw>
<status status="PASS" start="2025-08-28T21:42:06.627689" elapsed="0.083416"/>
</kw>
<kw name="Passo 4 - Clicar no botão entrar" owner="empresa">
<kw name="Wait Until Element Is Visible" owner="SeleniumLibrary">
<arg>locator=${botãoInput}</arg>
<doc>Waits until the element ``locator`` is visible.</doc>
<status status="PASS" start="2025-08-28T21:42:06.711542" elapsed="0.015441"/>
</kw>
<kw name="Click Button" owner="SeleniumLibrary">
<msg time="2025-08-28T21:42:06.727388" level="INFO">Clicking button 'id=login'.</msg>
<arg>locator=${botãoInput}</arg>
<doc>Clicks the button identified by ``locator``.</doc>
<status status="PASS" start="2025-08-28T21:42:06.727143" elapsed="0.116089"/>
</kw>
<status status="PASS" start="2025-08-28T21:42:06.711368" elapsed="0.132103"/>
</kw>
<kw name="Passo 5 - Verificar se realmente entrou no sistema" owner="empresa">
<kw name="Wait Until Page Contains" owner="SeleniumLibrary">
<arg>text=Logout</arg>
<doc>Waits until ``text`` appears on the current page.</doc>
<status status="PASS" start="2025-08-28T21:42:06.845516" elapsed="1.514436"/>
</kw>
<status status="PASS" start="2025-08-28T21:42:06.844418" elapsed="1.515662"/>
</kw>
<kw name="Passo 6 - Selecionar cadastros" owner="empresa">
<kw name="Wait Until Element Is Visible" owner="SeleniumLibrary">
<arg>xpath=//*[@id="Cadastros"]</arg>
<doc>Waits until the element ``locator`` is visible.</doc>
<status status="PASS" start="2025-08-28T21:42:08.361809" elapsed="0.038479"/>
</kw>
<kw name="Click Element" owner="SeleniumLibrary">
<msg time="2025-08-28T21:42:08.400568" level="INFO">Clicking element 'xpath =//*[@id="Cadastros"]'.</msg>
<arg>xpath =//*[@id="Cadastros"]</arg>
<doc>Click the element identified by ``locator``.</doc>
<status status="PASS" start="2025-08-28T21:42:08.400427" elapsed="0.050793"/>
</kw>
<status status="PASS" start="2025-08-28T21:42:08.360949" elapsed="0.090390"/>
</kw>
<kw name="Passo 7 - Selecionar empresa" owner="empresa">
<kw name="Wait Until Element Is Visible" owner="SeleniumLibrary">
<arg>xpath=//*[@id="Empresa"]</arg>
<doc>Waits until the element ``locator`` is visible.</doc>
<status status="PASS" start="2025-08-28T21:42:08.452001" elapsed="0.014250"/>
</kw>
<kw name="Click Element" owner="SeleniumLibrary">
<msg time="2025-08-28T21:42:08.466559" level="INFO">Clicking element 'xpath=//*[@id="Empresa"]'.</msg>
<arg>xpath=//*[@id="Empresa"]</arg>
<doc>Click the element identified by ``locator``.</doc>
<status status="PASS" start="2025-08-28T21:42:08.466393" elapsed="0.042452"/>
</kw>
<status status="PASS" start="2025-08-28T21:42:08.451708" elapsed="0.057235"/>
</kw>
<kw name="Passo 8 - Clicar no botão novo cadastro" owner="empresa">
<kw name="Wait Until Element Is Visible" owner="SeleniumLibrary">
<arg>xpath=//*[@id="Novo Cadastro"]</arg>
<doc>Waits until the element ``locator`` is visible.</doc>
<status status="PASS" start="2025-08-28T21:42:08.509505" elapsed="1.273259"/>
</kw>
<kw name="Click Button" owner="SeleniumLibrary">
<msg time="2025-08-28T21:42:09.783147" level="INFO">Clicking button 'xpath=//*[@id="Novo Cadastro"]'.</msg>
<arg>xpath=//*[@id="Novo Cadastro"]</arg>
<doc>Clicks the button identified by ``locator``.</doc>
<status status="PASS" start="2025-08-28T21:42:09.782965" elapsed="0.057214"/>
</kw>
<kw name="Sleep" owner="BuiltIn">
<msg time="2025-08-28T21:42:14.840672" level="INFO">Slept 5 seconds.</msg>
<arg>5s</arg>
<doc>Pauses the test executed for the given time.</doc>
<status status="PASS" start="2025-08-28T21:42:09.840323" elapsed="5.000518"/>
</kw>
<status status="PASS" start="2025-08-28T21:42:08.509263" elapsed="6.331732"/>
</kw>
<kw name="Passo 9 - Digitar um nome da Razão Social" owner="empresa">
<kw name="Wait Until Element Is Visible" owner="SeleniumLibrary">
<msg time="2025-08-28T21:42:20.025178" level="INFO" html="true">&lt;/td&gt;&lt;/tr&gt;&lt;tr&gt;&lt;td colspan="3"&gt;&lt;a href="selenium-screenshot-1.png"&gt;&lt;img src="selenium-screenshot-1.png" width="800px"&gt;&lt;/a&gt;</msg>
<msg time="2025-08-28T21:42:20.025736" level="FAIL">Element 'xpath=//*[@id="companyName"]' not visible after 5 seconds.</msg>
<arg>xpath=//*[@id="companyName"]</arg>
<doc>Waits until the element ``locator`` is visible.</doc>
<status status="FAIL" start="2025-08-28T21:42:14.842087" elapsed="5.184471">Element 'xpath=//*[@id="companyName"]' not visible after 5 seconds.</status>
</kw>
<kw name="Input Text" owner="SeleniumLibrary">
<arg>xpath=//*[@id="companyName"]</arg>
<arg>text=Empresa Ti</arg>
<doc>Types the given ``text`` into the text field identified by ``locator``.</doc>
<status status="NOT RUN" start="2025-08-28T21:42:20.026706" elapsed="0.000028"/>
</kw>
<status status="FAIL" start="2025-08-28T21:42:14.841759" elapsed="5.185058">Element 'xpath=//*[@id="companyName"]' not visible after 5 seconds.</status>
</kw>
<kw name="Passo 10 - Digitar um nome do Nome Fantasia" owner="empresa">
<status status="NOT RUN" start="2025-08-28T21:42:20.027249" elapsed="0.000036"/>
</kw>
<kw name="Passo 11 - Digitar um email" owner="empresa">
<status status="NOT RUN" start="2025-08-28T21:42:20.027567" elapsed="0.000032"/>
</kw>
<kw name="Passo 12 - Digitar um CNPJ" owner="empresa">
<status status="NOT RUN" start="2025-08-28T21:42:20.027852" elapsed="0.000031"/>
</kw>
<kw name="Passo 13 - Digitar um telefone" owner="empresa">
<status status="NOT RUN" start="2025-08-28T21:42:20.028142" elapsed="0.000028"/>
</kw>
<kw name="Passo 14 - Digitar Descrição do serviço" owner="empresa">
<status status="NOT RUN" start="2025-08-28T21:42:20.028408" elapsed="0.000027"/>
</kw>
<kw name="Passo 15 - Digitar Nome do Responsável" owner="empresa">
<status status="NOT RUN" start="2025-08-28T21:42:20.028683" elapsed="0.000027"/>
</kw>
<kw name=" Passo 16 - Digitar um CEP" owner="empresa">
<status status="NOT RUN" start="2025-08-28T21:42:20.028938" elapsed="0.000029"/>
</kw>
<kw name="Passo 17 - Digitar um Pais" owner="empresa">
<status status="NOT RUN" start="2025-08-28T21:42:20.029473" elapsed="0.000026"/>
</kw>
<kw name="Passo 18 - Digitar um Cidade" owner="empresa">
<status status="NOT RUN" start="2025-08-28T21:42:20.029754" elapsed="0.000026"/>
</kw>
<kw name="Passo 19 - Digitar um Estado" owner="empresa">
<status status="NOT RUN" start="2025-08-28T21:42:20.030017" elapsed="0.000026"/>
</kw>
<kw name="Passo 20 - Digitar um Bairro" owner="empresa">
<status status="NOT RUN" start="2025-08-28T21:42:20.030271" elapsed="0.000026"/>
</kw>
<kw name="Passo 21 - Digitar um Rua" owner="empresa">
<status status="NOT RUN" start="2025-08-28T21:42:20.030529" elapsed="0.000026"/>
</kw>
<kw name="Passo 22 - Digitar um Número do Imovel" owner="empresa">
<status status="NOT RUN" start="2025-08-28T21:42:20.030801" elapsed="0.000030"/>
</kw>
<kw name="Passo 23 - Digitar um Complemento" owner="empresa">
<status status="NOT RUN" start="2025-08-28T21:42:20.031084" elapsed="0.000026"/>
</kw>
<kw name="Passo 24 - Clicar no botão salvar novo" owner="empresa">
<status status="NOT RUN" start="2025-08-28T21:42:20.031371" elapsed="0.000030"/>
</kw>
<status status="FAIL" start="2025-08-28T21:42:02.227599" elapsed="17.804353">Element 'xpath=//*[@id="companyName"]' not visible after 5 seconds.</status>
</test>
<status status="FAIL" start="2025-08-28T21:42:02.220669" elapsed="17.812529"/>
</suite>
<status status="FAIL" start="2025-08-28T21:41:06.564995" elapsed="73.469538"/>
</suite>
<statistics>
<total>
<stat pass="0" fail="5" skip="0">All Tests</stat>
</total>
<tag>
</tag>
<suite>
<stat name="Tests" id="s1" pass="0" fail="5" skip="0">Tests</stat>
<stat name="centroDeCusto" id="s1-s1" pass="0" fail="4" skip="0">Tests.centroDeCusto</stat>
<stat name="Empresa" id="s1-s2" pass="0" fail="1" skip="0">Tests.Empresa</stat>
</suite>
</statistics>
<errors>
<msg time="2025-08-28T21:41:06.930075" level="WARN">The chromedriver version (138.0.7204.168) detected in PATH at C:\Users\evilh\AppData\Local\Programs\Python\Python313\Scripts\chromedriver.exe might not be compatible with the detected chrome version (139.0.7258.139); currently, chromedriver 139.0.7258.154 is recommended for chrome 139.*, so it is advised to delete the driver in PATH and retry</msg>
<msg time="2025-08-28T21:41:24.472329" level="WARN">Keyword 'Capture Page Screenshot' could not be run on failure: Message: invalid session id; For documentation on this error, please visit: https://www.selenium.dev/documentation/webdriver/troubleshooting/errors#invalidsessionidexception
Stacktrace:
	GetHandleVerifier [0x0xc11af3+62339]
	GetHandleVerifier [0x0xc11b34+62404]
	(No symbol) [0x0xa51f80]
	(No symbol) [0x0xa8da98]
	(No symbol) [0x0xabf276]
	(No symbol) [0x0xabae75]
	(No symbol) [0x0xaba3f6]
	(No symbol) [0x0xa23a45]
	(No symbol) [0x0xa23f9e]
	(No symbol) [0x0xa2442d]
	GetHandleVerifier [0x0xe86683+2637587]
	GetHandleVerifier [0x0xe81a8a+2618138]
	GetHandleVerifier [0x0xc3856a+220666]
	GetHandleVerifier [0x0xc28998+156200]
	GetHandleVerifier [0x0xc2f12d+182717]
	(No symbol) [0x0xa23710]
	(No symbol) [0x0xa22f1d]
	GetHandleVerifier [0x0xfba71c+3899308]
	BaseThreadInitThunk [0x0x769b7ba9+25]
	RtlInitializeExceptionChain [0x0x7775c3ab+107]
	RtlClearBits [0x0x7775c32f+191]
</msg>
<msg time="2025-08-28T21:41:24.588889" level="WARN">The chromedriver version (138.0.7204.168) detected in PATH at C:\Users\evilh\AppData\Local\Programs\Python\Python313\Scripts\chromedriver.exe might not be compatible with the detected chrome version (139.0.7258.139); currently, chromedriver 139.0.7258.154 is recommended for chrome 139.*, so it is advised to delete the driver in PATH and retry</msg>
<msg time="2025-08-28T21:41:28.909538" level="WARN">Keyword 'Capture Page Screenshot' could not be run on failure: Message: invalid session id; For documentation on this error, please visit: https://www.selenium.dev/documentation/webdriver/troubleshooting/errors#invalidsessionidexception
Stacktrace:
	GetHandleVerifier [0x0xc11af3+62339]
	GetHandleVerifier [0x0xc11b34+62404]
	(No symbol) [0x0xa51f80]
	(No symbol) [0x0xa8da98]
	(No symbol) [0x0xabf276]
	(No symbol) [0x0xabae75]
	(No symbol) [0x0xaba3f6]
	(No symbol) [0x0xa23a45]
	(No symbol) [0x0xa23f9e]
	(No symbol) [0x0xa2442d]
	GetHandleVerifier [0x0xe86683+2637587]
	GetHandleVerifier [0x0xe81a8a+2618138]
	GetHandleVerifier [0x0xc3856a+220666]
	GetHandleVerifier [0x0xc28998+156200]
	GetHandleVerifier [0x0xc2f12d+182717]
	(No symbol) [0x0xa23710]
	(No symbol) [0x0xa22f1d]
	GetHandleVerifier [0x0xfba71c+3899308]
	BaseThreadInitThunk [0x0x769b7ba9+25]
	RtlInitializeExceptionChain [0x0x7775c3ab+107]
	RtlClearBits [0x0x7775c32f+191]
</msg>
<msg time="2025-08-28T21:41:29.014088" level="WARN">The chromedriver version (138.0.7204.168) detected in PATH at C:\Users\evilh\AppData\Local\Programs\Python\Python313\Scripts\chromedriver.exe might not be compatible with the detected chrome version (139.0.7258.139); currently, chromedriver 139.0.7258.154 is recommended for chrome 139.*, so it is advised to delete the driver in PATH and retry</msg>
<msg time="2025-08-28T21:41:31.549940" level="WARN">Keyword 'Capture Page Screenshot' could not be run on failure: Message: no such window: target window already closed
from unknown error: web view not found
  (Session info: chrome=139.0.7258.139)
Stacktrace:
	GetHandleVerifier [0x0xc11af3+62339]
	GetHandleVerifier [0x0xc11b34+62404]
	(No symbol) [0x0xa52123]
	(No symbol) [0x0xa30fc9]
	(No symbol) [0x0xac5aee]
	(No symbol) [0x0xae0089]
	(No symbol) [0x0xabf1b6]
	(No symbol) [0x0xa8e7a2]
	(No symbol) [0x0xa8f644]
	GetHandleVerifier [0x0xe86683+2637587]
	GetHandleVerifier [0x0xe81a8a+2618138]
	GetHandleVerifier [0x0xc3856a+220666]
	GetHandleVerifier [0x0xc28998+156200]
	GetHandleVerifier [0x0xc2f12d+182717]
	GetHandleVerifier [0x0xc19a38+94920]
	GetHandleVerifier [0x0xc19bc2+95314]
	GetHandleVerifier [0x0xc04d0a+9626]
	BaseThreadInitThunk [0x0x769b7ba9+25]
	RtlInitializeExceptionChain [0x0x7775c3ab+107]
	RtlClearBits [0x0x7775c32f+191]
</msg>
<msg time="2025-08-28T21:41:31.748332" level="WARN">The chromedriver version (138.0.7204.168) detected in PATH at C:\Users\evilh\AppData\Local\Programs\Python\Python313\Scripts\chromedriver.exe might not be compatible with the detected chrome version (139.0.7258.139); currently, chromedriver 139.0.7258.154 is recommended for chrome 139.*, so it is advised to delete the driver in PATH and retry</msg>
<msg time="2025-08-28T21:42:02.331184" level="WARN">The chromedriver version (138.0.7204.168) detected in PATH at C:\Users\evilh\AppData\Local\Programs\Python\Python313\Scripts\chromedriver.exe might not be compatible with the detected chrome version (139.0.7258.139); currently, chromedriver 139.0.7258.154 is recommended for chrome 139.*, so it is advised to delete the driver in PATH and retry</msg>
</errors>
</robot>
